<?xml version="1.0" encoding="UTF-8"?>
<!-- Generated by org.testng.reporters.JUnitReportReporter -->
<testsuite hostname="DESKTOP-P5V502I" failures="0" tests="1" name="com.maven.test1.TestClass1" time="0.009" errors="0" timestamp="2021-04-05T20:48:59 PDT" skipped="0">
  <testcase classname="com.maven.test1.TestClass1" name="test2" time="0.009"/>
  <system-out/>
</testsuite> <!-- com.maven.test1.TestClass1 -->
