<?xml version="1.0" encoding="UTF-8"?>
<!-- Generated by org.testng.reporters.JUnitReportReporter -->
<testsuite hostname="DESKTOP-P5V502I" failures="0" tests="1" name="com.maven.test1.TestClass3" time="0.006" errors="0" timestamp="2021-03-31T14:39:49 PDT" skipped="0">
  <testcase classname="com.maven.test1.TestClass3" name="WebFr" time="0.006"/>
  <system-out/>
</testsuite> <!-- com.maven.test1.TestClass3 -->
